Сборка начата 12.12.2024 15:30:36.
Уровень детализации журнала: Normal.     1>Проект "D:\d\уник\3 сем\кпо\KPO_3_sem-main\KPO_3_sem-main\4\SE_asm2\Deserealizer\Deserealizer.vcxproj" в узле 2 (целевые объекты Build).
     1>InitializeBuildStatus:
         Создание "Debug\Deserealizer.tlog\unsuccessfulbuild", так как было задано "AlwaysCreate".
         Обращение к "Debug\Deserealizer.tlog\unsuccessfulbuild".
       ClCompile:
         C:\Program Files\Microsoft Visual Studio\2022\Community\VC\Tools\MSVC\14.37.32822\bin\HostX86\x86\CL.exe /c /ZI /JMC /nologo /W3 /WX- /diagnostics:column /sdl /Od /Oy- /D WIN32 /D _DEBUG /D _CONSOLE /D _UNICODE /D UNICODE /Gm- /EHsc /RTC1 /MDd /GS /fp:precise /Zc:wchar_t /Zc:forScope /Zc:inline /permissive- /Fo"Debug\\" /Fd"Debug\vc143.pdb" /external:W3 /Gd /TP /analyze- /FC /errorReport:prompt AsmGen.cpp Desearealizer.cpp Source.cpp
         AsmGen.cpp
     1>D:\d\уник\3 сем\кпо\KPO_3_sem-main\KPO_3_sem-main\4\SE_asm2\Deserealizer\AsmGen.cpp(45,21): warning C4018: <: несоответствие типов со знаком и без знака
     1>D:\d\уник\3 сем\кпо\KPO_3_sem-main\KPO_3_sem-main\4\SE_asm2\Deserealizer\AsmGen.cpp(67,20): warning C4018: <: несоответствие типов со знаком и без знака
         Desearealizer.cpp
         Source.cpp
     1>D:\d\уник\3 сем\кпо\KPO_3_sem-main\KPO_3_sem-main\4\SE_asm2\Deserealizer\Source.cpp(5,1): warning C4326: возвращаемый тип "main" должен быть "int", а не "void"
         Создание кода...
       Link:
         C:\Program Files\Microsoft Visual Studio\2022\Community\VC\Tools\MSVC\14.37.32822\bin\HostX86\x86\link.exe /ERRORREPORT:PROMPT /OUT:"D:\d\уник\3 сем\кпо\KPO_3_sem-main\KPO_3_sem-main\4\SE_asm2\Debug\Deserealizer.exe" /INCREMENTAL /ILK:"Debug\Deserealizer.ilk" /NOLOGO kernel32.lib user32.lib gdi32.lib winspool.lib comdlg32.lib advapi32.lib shell32.lib ole32.lib oleaut32.lib uuid.lib odbc32.lib odbccp32.lib /MANIFEST /MANIFESTUAC:"level='asInvoker' uiAccess='false'" /manifest:embed /DEBUG /PDB:"D:\d\уник\3 сем\кпо\KPO_3_sem-main\KPO_3_sem-main\4\SE_asm2\Debug\Deserealizer.pdb" /SUBSYSTEM:CONSOLE /TLBID:1 /DYNAMICBASE /NXCOMPAT /IMPLIB:"D:\d\уник\3 сем\кпо\KPO_3_sem-main\KPO_3_sem-main\4\SE_asm2\Debug\Deserealizer.lib" /MACHINE:X86 Debug\AsmGen.obj
         Debug\Desearealizer.obj
         Debug\Source.obj
         Deserealizer.vcxproj -> D:\d\уник\3 сем\кпо\KPO_3_sem-main\KPO_3_sem-main\4\SE_asm2\Debug\Deserealizer.exe
       TlogCleanup:
         Следующие элементы будут удалены из tlogs, так как они были удалены из проекта или сборки: C:\Users\yana\Desktop\SE_asm2\Deserealizer\AsmGen.cpp.
       FinalizeBuildStatus:
         Файл "Debug\Deserealizer.tlog\unsuccessfulbuild" удаляется.
         Обращение к "Debug\Deserealizer.tlog\Deserealizer.lastbuildstate".
     1>Сборка проекта "D:\d\уник\3 сем\кпо\KPO_3_sem-main\KPO_3_sem-main\4\SE_asm2\Deserealizer\Deserealizer.vcxproj" завершена (целевые объекты Build).

Сборка успешно завершена.

       "D:\d\уник\3 сем\кпо\KPO_3_sem-main\KPO_3_sem-main\4\SE_asm2\Deserealizer\Deserealizer.vcxproj" (целевой объект Build ) (1) ->
       (Целевой объект ClCompile) -> 
         D:\d\уник\3 сем\кпо\KPO_3_sem-main\KPO_3_sem-main\4\SE_asm2\Deserealizer\AsmGen.cpp(45,21): warning C4018: <: несоответствие типов со знаком и без знака
         D:\d\уник\3 сем\кпо\KPO_3_sem-main\KPO_3_sem-main\4\SE_asm2\Deserealizer\AsmGen.cpp(67,20): warning C4018: <: несоответствие типов со знаком и без знака
         D:\d\уник\3 сем\кпо\KPO_3_sem-main\KPO_3_sem-main\4\SE_asm2\Deserealizer\Source.cpp(5,1): warning C4326: возвращаемый тип "main" должен быть "int", а не "void"

    Предупреждений: 3
    Ошибок: 0

Прошло времени 00:00:04.64
