Сборка начата 11.12.2024 19:39:56.
Уровень детализации журнала: Normal.     1>Проект "D:\d\уник\3 сем\кпо\KPO_3term-main\KPO_3term-main\asm02\SE_Asm02\SE_Asm02\SE_Asm02.vcxproj" в узле 2 (целевые объекты Build).
     1>PrepareForBuild:
         Создание каталога "D:\d\уник\3 сем\кпо\KPO_3term-main\KPO_3term-main\asm02\SE_Asm02\x64\Debug\".
         Создание каталога "x64\Debug\SE_Asm02.tlog\".
       InitializeBuildStatus:
         Создание "x64\Debug\SE_Asm02.tlog\unsuccessfulbuild", так как было задано "AlwaysCreate".
         Обращение к "x64\Debug\SE_Asm02.tlog\unsuccessfulbuild".
       _MASM:
         Assembling asm02.asm...
         cmd.exe /C "C:\Users\user\AppData\Local\Temp\tmpec4c7d970c69470aa80985d926ec03a2.cmd"
         ml64.exe /c /nologo /Zi /Fo"x64\Debug\asm02.obj" /W3 /errorReport:prompt  /Taasm02.asm
     1>asm02.asm(1): error A2008: syntax error : .
     1>asm02.asm(2): error A2008: syntax error : .
     1>asm02.asm(8): error A2008: syntax error : .
     1>asm02.asm(24): error A2008: syntax error : MessageBoxA
     1>asm02.asm(30): error A2008: syntax error : main
     1>asm02.asm(30): error A2088: END directive required at end of file
     1>C:\Program Files\Microsoft Visual Studio\2022\Community\MSBuild\Microsoft\VC\v170\BuildCustomizations\masm.targets(70,5): error MSB3721: выход из команды "ml64.exe /c /nologo /Zi /Fo"x64\Debug\asm02.obj" /W3 /errorReport:prompt  /Taasm02.asm" с кодом "1".
     1>Сборка проекта "D:\d\уник\3 сем\кпо\KPO_3term-main\KPO_3term-main\asm02\SE_Asm02\SE_Asm02\SE_Asm02.vcxproj" завершена (целевые объекты Build) с ошибкой.

Ошибка сборки.

       "D:\d\уник\3 сем\кпо\KPO_3term-main\KPO_3term-main\asm02\SE_Asm02\SE_Asm02\SE_Asm02.vcxproj" (целевой объект Build ) (1) ->
       (Целевой объект _MASM) -> 
         asm02.asm(1): error A2008: syntax error : .
         asm02.asm(2): error A2008: syntax error : .
         asm02.asm(8): error A2008: syntax error : .
         asm02.asm(24): error A2008: syntax error : MessageBoxA
         asm02.asm(30): error A2008: syntax error : main
         asm02.asm(30): error A2088: END directive required at end of file
         C:\Program Files\Microsoft Visual Studio\2022\Community\MSBuild\Microsoft\VC\v170\BuildCustomizations\masm.targets(70,5): error MSB3721: выход из команды "ml64.exe /c /nologo /Zi /Fo"x64\Debug\asm02.obj" /W3 /errorReport:prompt  /Taasm02.asm" с кодом "1".

    Предупреждений: 0
    Ошибок: 7

Прошло времени 00:00:01.79
