Сборка начата 12.12.2024 15:26:24.
Уровень детализации журнала: Normal.     1>Проект "D:\d\уник\3 сем\кпо\KPO_3_sem-main\KPO_3_sem-main\4\SE_asm2\Serealizer\Serealizer.vcxproj" в узле 2 (целевые объекты Build).
     1>InitializeBuildStatus:
         Создание "Debug\Serealizer.tlog\unsuccessfulbuild", так как было задано "AlwaysCreate".
         Обращение к "Debug\Serealizer.tlog\unsuccessfulbuild".
       ClCompile:
         C:\Program Files\Microsoft Visual Studio\2022\Community\VC\Tools\MSVC\14.37.32822\bin\HostX86\x86\CL.exe /c /ZI /JMC /nologo /W3 /WX- /diagnostics:column /sdl /Od /Oy- /D WIN32 /D _DEBUG /D _CONSOLE /D _UNICODE /D UNICODE /Gm- /EHsc /RTC1 /MDd /GS /fp:precise /Zc:wchar_t /Zc:forScope /Zc:inline /permissive- /Fo"Debug\\" /Fd"Debug\vc143.pdb" /external:W3 /Gd /TP /analyze- /FC /errorReport:prompt Searealizer.cpp Source.cpp stdafx.h
         Searealizer.cpp
         Source.cpp
     1>D:\d\уник\3 сем\кпо\KPO_3_sem-main\KPO_3_sem-main\4\SE_asm2\Serealizer\Source.cpp(8,1): warning C4326: возвращаемый тип "main" должен быть "int", а не "void"
         stdafx.h
         Создание кода...
       Link:
         C:\Program Files\Microsoft Visual Studio\2022\Community\VC\Tools\MSVC\14.37.32822\bin\HostX86\x86\link.exe /ERRORREPORT:PROMPT /OUT:"D:\d\уник\3 сем\кпо\KPO_3_sem-main\KPO_3_sem-main\4\SE_asm2\Debug\Serealizer.exe" /INCREMENTAL /ILK:"Debug\Serealizer.ilk" /NOLOGO kernel32.lib user32.lib gdi32.lib winspool.lib comdlg32.lib advapi32.lib shell32.lib ole32.lib oleaut32.lib uuid.lib odbc32.lib odbccp32.lib /MANIFEST /MANIFESTUAC:"level='asInvoker' uiAccess='false'" /manifest:embed /DEBUG /PDB:"D:\d\уник\3 сем\кпо\KPO_3_sem-main\KPO_3_sem-main\4\SE_asm2\Debug\Serealizer.pdb" /SUBSYSTEM:CONSOLE /TLBID:1 /DYNAMICBASE /NXCOMPAT /IMPLIB:"D:\d\уник\3 сем\кпо\KPO_3_sem-main\KPO_3_sem-main\4\SE_asm2\Debug\Serealizer.lib" /MACHINE:X86 Debug\Searealizer.obj
         Debug\Source.obj
         Debug\stdafx.obj
         Serealizer.vcxproj -> D:\d\уник\3 сем\кпо\KPO_3_sem-main\KPO_3_sem-main\4\SE_asm2\Debug\Serealizer.exe
       TlogCleanup:
         Следующие элементы будут удалены из tlogs, так как они были удалены из проекта или сборки: C:\Users\yana\Desktop\SE_asm2\Serealizer\Searealizer.cpp.
       FinalizeBuildStatus:
         Файл "Debug\Serealizer.tlog\unsuccessfulbuild" удаляется.
         Обращение к "Debug\Serealizer.tlog\Serealizer.lastbuildstate".
     1>Сборка проекта "D:\d\уник\3 сем\кпо\KPO_3_sem-main\KPO_3_sem-main\4\SE_asm2\Serealizer\Serealizer.vcxproj" завершена (целевые объекты Build).

Сборка успешно завершена.

       "D:\d\уник\3 сем\кпо\KPO_3_sem-main\KPO_3_sem-main\4\SE_asm2\Serealizer\Serealizer.vcxproj" (целевой объект Build ) (1) ->
       (Целевой объект ClCompile) -> 
         D:\d\уник\3 сем\кпо\KPO_3_sem-main\KPO_3_sem-main\4\SE_asm2\Serealizer\Source.cpp(8,1): warning C4326: возвращаемый тип "main" должен быть "int", а не "void"

    Предупреждений: 1
    Ошибок: 0

Прошло времени 00:00:05.86
